Using pre-set license
Built from '2020.3/staging' branch; Version is '2020.3.25f1 (9b9180224418) revision 10195328'; Using compiler version '192528614'; Build Type 'Release'
OS: 'Windows 10  (10.0.19041) 64bit Enterprise' Language: 'en' Physical Memory: 16212 MB
BatchMode: 1, IsHumanControllingUs: 0, StartBugReporterOnCrash: 0, Is64bit: 1, IsPro: 0

COMMAND LINE ARGUMENTS:
C:\Program Files\Unity\Hub\Editor\2020.3.25f1\Editor\Unity.exe
-adb2
-batchMode
-noUpm
-name
AssetImportWorker0
-projectPath
C:/Users/lkmet/Documents/GitHub/Neon-Defender/Neon Defender
-logFile
Logs/AssetImportWorker0.log
-srvPort
60556
Successfully changed project path to: C:/Users/lkmet/Documents/GitHub/Neon-Defender/Neon Defender
C:/Users/lkmet/Documents/GitHub/Neon-Defender/Neon Defender
Using Asset Import Pipeline V2.
Refreshing native plugins compatible for Editor in 53.08 ms, found 2 plugins.
Preloading 0 native plugins for Editor in 0.00 ms.
Initialize engine version: 2020.3.25f1 (9b9180224418)
[Subsystems] Discovering subsystems at path C:/Program Files/Unity/Hub/Editor/2020.3.25f1/Editor/Data/Resources/UnitySubsystems
[Subsystems] Discovering subsystems at path C:/Users/lkmet/Documents/GitHub/Neon-Defender/Neon Defender/Assets
GfxDevice: creating device client; threaded=0
Direct3D:
    Version:  Direct3D 11.0 [level 11.1]
    Renderer: Intel(R) UHD Graphics 620 (ID=0x5917)
    Vendor:   
    VRAM:     8106 MB
    Driver:   27.20.100.8681
Initialize mono
Mono path[0] = 'C:/Program Files/Unity/Hub/Editor/2020.3.25f1/Editor/Data/Managed'
Mono path[1] = 'C:/Program Files/Unity/Hub/Editor/2020.3.25f1/Editor/Data/MonoBleedingEdge/lib/mono/unityjit'
Mono config path = 'C:/Program Files/Unity/Hub/Editor/2020.3.25f1/Editor/Data/MonoBleedingEdge/etc'
Using monoOptions --debugger-agent=transport=dt_socket,embedding=1,server=y,suspend=n,address=127.0.0.1:56960
Begin MonoManager ReloadAssembly
Registering precompiled unity dll's ...
Register platform support module: C:/Program Files/Unity/Hub/Editor/2020.3.25f1/Editor/Data/PlaybackEngines/WindowsStandaloneSupport/UnityEditor.WindowsStandalone.Extensions.dll
Registered in 0.003663 seconds.
Native extension for WindowsStandalone target not found
Refreshing native plugins compatible for Editor in 46.16 ms, found 2 plugins.
Preloading 0 native plugins for Editor in 0.00 ms.
Mono: successfully reloaded assembly
- Completed reload, in  0.836 seconds
Domain Reload Profiling:
	ReloadAssembly (836ms)
		BeginReloadAssembly (92ms)
			ExecutionOrderSort (0ms)
			DisableScriptedObjects (0ms)
			BackupInstance (0ms)
			ReleaseScriptingObjects (0ms)
			CreateAndSetChildDomain (1ms)
		EndReloadAssembly (638ms)
			LoadAssemblies (89ms)
			RebuildTransferFunctionScriptingTraits (0ms)
			SetupTypeCache (198ms)
			ReleaseScriptCaches (0ms)
			RebuildScriptCaches (51ms)
			SetupLoadedEditorAssemblies (247ms)
				LogAssemblyErrors (0ms)
				InitializePlatformSupportModulesInManaged (6ms)
				SetLoadedEditorAssemblies (0ms)
				RefreshPlugins (46ms)
				BeforeProcessingInitializeOnLoad (27ms)
				ProcessInitializeOnLoadAttributes (131ms)
				ProcessInitializeOnLoadMethodAttributes (36ms)
				AfterProcessingInitializeOnLoad (0ms)
				EditorAssembliesLoaded (0ms)
			ExecutionOrderSort2 (0ms)
			AwakeInstancesAfterBackupRestoration (0ms)
Platform modules already initialized, skipping
Registering precompiled user dll's ...
Registered in 0.012654 seconds.
Begin MonoManager ReloadAssembly
Native extension for WindowsStandalone target not found
Refreshing native plugins compatible for Editor in 0.60 ms, found 2 plugins.
Preloading 0 native plugins for Editor in 0.00 ms.
Mono: successfully reloaded assembly
- Completed reload, in  1.372 seconds
Domain Reload Profiling:
	ReloadAssembly (1373ms)
		BeginReloadAssembly (203ms)
			ExecutionOrderSort (0ms)
			DisableScriptedObjects (5ms)
			BackupInstance (0ms)
			ReleaseScriptingObjects (0ms)
			CreateAndSetChildDomain (22ms)
		EndReloadAssembly (1090ms)
			LoadAssemblies (131ms)
			RebuildTransferFunctionScriptingTraits (0ms)
			SetupTypeCache (358ms)
			ReleaseScriptCaches (0ms)
			RebuildScriptCaches (49ms)
			SetupLoadedEditorAssemblies (436ms)
				LogAssemblyErrors (0ms)
				InitializePlatformSupportModulesInManaged (6ms)
				SetLoadedEditorAssemblies (1ms)
				RefreshPlugins (1ms)
				BeforeProcessingInitializeOnLoad (119ms)
				ProcessInitializeOnLoadAttributes (288ms)
				ProcessInitializeOnLoadMethodAttributes (12ms)
				AfterProcessingInitializeOnLoad (9ms)
				EditorAssembliesLoaded (0ms)
			ExecutionOrderSort2 (0ms)
			AwakeInstancesAfterBackupRestoration (8ms)
Platform modules already initialized, skipping
========================================================================
Worker process is ready to serve import requests
Launched and connected shader compiler UnityShaderCompiler.exe after 0.09 seconds
Refreshing native plugins compatible for Editor in 0.56 ms, found 2 plugins.
Preloading 0 native plugins for Editor in 0.00 ms.
Unloading 1500 Unused Serialized files (Serialized files now loaded: 0)
System memory in use before: 67.4 MB.
System memory in use after: 67.5 MB.

Unloading 19 unused Assets to reduce memory usage. Loaded Objects now: 1932.
Total: 3.473400 ms (FindLiveObjects: 0.204400 ms CreateObjectMapping: 0.061600 ms MarkObjects: 3.120000 ms  DeleteObjects: 0.086100 ms)

AssetImportParameters requested are different than current active one (requested -> active):
  custom:framework-win-MediaFoundation: 216162199b28c13a410421893ffa2e32 -> 
  custom:video-decoder-ogg-theora: a1e56fd34408186e4bbccfd4996cb3dc -> 
  custom:container-muxer-webm: aa71ff27fc2769a1b78a27578f13a17b -> 
  custom:container-demuxer-webm: 4f35f7cbe854078d1ac9338744f61a02 -> 
  custom:container-demuxer-ogg: 62fdf1f143b41e24485cea50d1cbac27 -> 
  custom:video-encoder-webm-vp8: eb34c28f22e8b96e1ab97ce403110664 -> 
  custom:video-decoder-webm-vp8: 9c59270c3fd7afecdb556c50c9e8de78 -> 
  custom:audio-decoder-ogg-vorbis: bf7c407c2cedff20999df2af8eb42d56 -> 
  custom:audio-encoder-webm-vorbis: bf7c407c2cedff20999df2af8eb42d56 -> 
========================================================================
Received Import Request.
  path: Assets/Scenes
  artifactKey: Guid(c77021b4fc98fb440839f8dc37f7edb7) Importer(815301076,1909f56bfc062723c751e8b465ee728b)
Start importing Assets/Scenes using Guid(c77021b4fc98fb440839f8dc37f7edb7) Importer(815301076,1909f56bfc062723c751e8b465ee728b)  -> (artifact id: 'd15149b7016d0531f08d39687acc59ae') in 0.005987 seconds 
  Import took 0.008728 seconds .

========================================================================
Received Import Request.
  Time since last request: 0.000377 seconds.
  path: Assets/Scenes/SampleScene.unity
  artifactKey: Guid(9fc0d4010bbf28b4594072e72b8655ab) Importer(815301076,1909f56bfc062723c751e8b465ee728b)
Start importing Assets/Scenes/SampleScene.unity using Guid(9fc0d4010bbf28b4594072e72b8655ab) Importer(815301076,1909f56bfc062723c751e8b465ee728b)  -> (artifact id: '85059f4f9e1a832ed95adaa0d25c5c4c') in 0.014778 seconds 
  Import took 0.017888 seconds .

========================================================================
Received Import Request.
  Time since last request: 7.915023 seconds.
  path: Assets/Scenes/EasyTrack.unity
  artifactKey: Guid(9fc0d4010bbf28b4594072e72b8655ab) Importer(815301076,1909f56bfc062723c751e8b465ee728b)
Start importing Assets/Scenes/EasyTrack.unity using Guid(9fc0d4010bbf28b4594072e72b8655ab) Importer(815301076,1909f56bfc062723c751e8b465ee728b)  -> (artifact id: '549dbd7f8836d4351484ea3433fa5267') in 0.007976 seconds 
  Import took 0.013236 seconds .

========================================================================
Received Import Request.
  Time since last request: 25.872583 seconds.
  path: Assets
  artifactKey: Guid(00000000000000001000000000000000) Importer(815301076,1909f56bfc062723c751e8b465ee728b)
Start importing Assets using Guid(00000000000000001000000000000000) Importer(815301076,1909f56bfc062723c751e8b465ee728b)  -> (artifact id: '42d402b061de3733987d63b9cc3b64de') in 0.005144 seconds 
  Import took 0.008686 seconds .

========================================================================
Received Import Request.
  Time since last request: 329.091592 seconds.
  path: Assets/Materials
  artifactKey: Guid(735b2be7fb86be64984cc3813be8b571) Importer(815301076,1909f56bfc062723c751e8b465ee728b)
Start importing Assets/Materials using Guid(735b2be7fb86be64984cc3813be8b571) Importer(815301076,1909f56bfc062723c751e8b465ee728b)  -> (artifact id: '650d0efddb8b1b715ad946be6cdc42c6') in 0.007708 seconds 
  Import took 0.011701 seconds .

========================================================================
Received Import Request.
  Time since last request: 6.974553 seconds.
  path: Assets/Scripts
  artifactKey: Guid(ca7a67e1975e04946bdfb0875e0bc875) Importer(815301076,1909f56bfc062723c751e8b465ee728b)
Start importing Assets/Scripts using Guid(ca7a67e1975e04946bdfb0875e0bc875) Importer(815301076,1909f56bfc062723c751e8b465ee728b)  -> (artifact id: '0e23331ef4b9127adc3b6cf074b3b75a') in 0.004632 seconds 
  Import took 0.008347 seconds .

========================================================================
Received Import Request.
  Time since last request: 7.919676 seconds.
  path: Assets/Materials/Floor.mat
  artifactKey: Guid(36bc6fffcade3d24ba7afd92b072f657) Importer(815301076,1909f56bfc062723c751e8b465ee728b)
Start importing Assets/Materials/Floor.mat using Guid(36bc6fffcade3d24ba7afd92b072f657) Importer(815301076,1909f56bfc062723c751e8b465ee728b)  -> (artifact id: 'e1f0b9d48aa45af106604ffe27fc22df') in 0.172513 seconds 
  Import took 0.175416 seconds .

========================================================================
Received Prepare
Registering precompiled user dll's ...
Registered in 0.068199 seconds.
Begin MonoManager ReloadAssembly
Native extension for WindowsStandalone target not found
Refreshing native plugins compatible for Editor in 154.01 ms, found 2 plugins.
Preloading 0 native plugins for Editor in 0.00 ms.
Mono: successfully reloaded assembly
- Completed reload, in  4.198 seconds
Domain Reload Profiling:
	ReloadAssembly (4199ms)
		BeginReloadAssembly (402ms)
			ExecutionOrderSort (0ms)
			DisableScriptedObjects (11ms)
			BackupInstance (0ms)
			ReleaseScriptingObjects (0ms)
			CreateAndSetChildDomain (118ms)
		EndReloadAssembly (3551ms)
			LoadAssemblies (372ms)
			RebuildTransferFunctionScriptingTraits (0ms)
			SetupTypeCache (1204ms)
			ReleaseScriptCaches (3ms)
			RebuildScriptCaches (185ms)
			SetupLoadedEditorAssemblies (1143ms)
				LogAssemblyErrors (0ms)
				InitializePlatformSupportModulesInManaged (19ms)
				SetLoadedEditorAssemblies (1ms)
				RefreshPlugins (154ms)
				BeforeProcessingInitializeOnLoad (265ms)
				ProcessInitializeOnLoadAttributes (650ms)
				ProcessInitializeOnLoadMethodAttributes (35ms)
				AfterProcessingInitializeOnLoad (18ms)
				EditorAssembliesLoaded (1ms)
			ExecutionOrderSort2 (0ms)
			AwakeInstancesAfterBackupRestoration (21ms)
Platform modules already initialized, skipping
Shader 'Universal Render Pipeline/Nature/SpeedTree7': dependency 'BillboardShader' shader 'Universal Render Pipeline/Nature/SpeedTree7 Billboard' not found
Shader 'Universal Render Pipeline/Baked Lit': fallback shader 'Universal Render Pipeline/Unlit' not found
Shader 'Universal Render Pipeline/Simple Lit': fallback shader 'Hidden/Universal Render Pipeline/FallbackError' not found
Shader 'Universal Render Pipeline/Terrain/Lit': fallback shader 'Hidden/Universal Render Pipeline/FallbackError' not found
Shader 'Universal Render Pipeline/Terrain/Lit': dependency 'AddPassShader' shader 'Hidden/Universal Render Pipeline/Terrain/Lit (Add Pass)' not found
Shader 'Universal Render Pipeline/Terrain/Lit': dependency 'BaseMapShader' shader 'Hidden/Universal Render Pipeline/Terrain/Lit (Base Pass)' not found
Shader 'Universal Render Pipeline/Terrain/Lit': dependency 'BaseMapGenShader' shader 'Hidden/Universal Render Pipeline/Terrain/Lit (Basemap Gen)' not found
Shader 'Hidden/Universal Render Pipeline/Terrain/Lit (Add Pass)': fallback shader 'Hidden/Universal Render Pipeline/FallbackError' not found
Shader 'Hidden/Universal Render Pipeline/Terrain/Lit (Base Pass)': fallback shader 'Hidden/Universal Render Pipeline/FallbackError' not found
Refreshing native plugins compatible for Editor in 0.54 ms, found 2 plugins.
Preloading 0 native plugins for Editor in 0.00 ms.
Unloading 2750 Unused Serialized files (Serialized files now loaded: 0)
System memory in use before: 122.0 MB.
System memory in use after: 117.7 MB.

Unloading 71 unused Assets to reduce memory usage. Loaded Objects now: 3173.
Total: 6.068200 ms (FindLiveObjects: 0.282200 ms CreateObjectMapping: 0.191100 ms MarkObjects: 3.377500 ms  DeleteObjects: 2.216400 ms)

AssetImportParameters requested are different than current active one (requested -> active):
  custom:framework-win-MediaFoundation: 216162199b28c13a410421893ffa2e32 -> 
  custom:video-decoder-ogg-theora: a1e56fd34408186e4bbccfd4996cb3dc -> 
  custom:container-muxer-webm: aa71ff27fc2769a1b78a27578f13a17b -> 
  custom:container-demuxer-webm: 4f35f7cbe854078d1ac9338744f61a02 -> 
  custom:container-demuxer-ogg: 62fdf1f143b41e24485cea50d1cbac27 -> 
  custom:video-encoder-webm-vp8: eb34c28f22e8b96e1ab97ce403110664 -> 
  custom:video-decoder-webm-vp8: 9c59270c3fd7afecdb556c50c9e8de78 -> 
  custom:audio-decoder-ogg-vorbis: bf7c407c2cedff20999df2af8eb42d56 -> 
  custom:audio-encoder-webm-vorbis: bf7c407c2cedff20999df2af8eb42d56 -> 
========================================================================
Received Import Request.
  Time since last request: 469.920656 seconds.
  path: Assets/Post-Processing
  artifactKey: Guid(837b978382ae4d34fbb02cb444fbd294) Importer(815301076,1909f56bfc062723c751e8b465ee728b)
Start importing Assets/Post-Processing using Guid(837b978382ae4d34fbb02cb444fbd294) Importer(815301076,1909f56bfc062723c751e8b465ee728b)  -> (artifact id: '3d5f201fbe7b4fe73ea4c063dfdd6243') in 0.018364 seconds 
  Import took 0.029961 seconds .

========================================================================
Received Import Request.
  Time since last request: 262.818713 seconds.
  path: Assets/Materials/Floor.mat
  artifactKey: Guid(36bc6fffcade3d24ba7afd92b072f657) Importer(815301076,1909f56bfc062723c751e8b465ee728b)
Start importing Assets/Materials/Floor.mat using Guid(36bc6fffcade3d24ba7afd92b072f657) Importer(815301076,1909f56bfc062723c751e8b465ee728b)  -> (artifact id: 'ed5bec8ce27717a79cf19579f3239e5e') in 0.069662 seconds 
  Import took 0.076474 seconds .

========================================================================
Received Import Request.
  Time since last request: 4.415491 seconds.
  path: Assets/Scenes/EasyTrack/Global Volume Profile.asset
  artifactKey: Guid(061987fd22596644dabfb4d5ea971cac) Importer(815301076,1909f56bfc062723c751e8b465ee728b)
Start importing Assets/Scenes/EasyTrack/Global Volume Profile.asset using Guid(061987fd22596644dabfb4d5ea971cac) Importer(815301076,1909f56bfc062723c751e8b465ee728b)  -> (artifact id: 'c66b2ac7c18c94e53c881dfb527c606d') in 0.021189 seconds 
  Import took 0.030078 seconds .

========================================================================
Received Import Request.
  Time since last request: 8.738805 seconds.
  path: Assets/Scenes/EasyTrack
  artifactKey: Guid(117092777263a0f49b53170d80d8dfd4) Importer(815301076,1909f56bfc062723c751e8b465ee728b)
Start importing Assets/Scenes/EasyTrack using Guid(117092777263a0f49b53170d80d8dfd4) Importer(815301076,1909f56bfc062723c751e8b465ee728b)  -> (artifact id: '893772c41f3a26459bdf7db99e7092aa') in 0.006619 seconds 
  Import took 0.015261 seconds .

========================================================================
Received Import Request.
  Time since last request: 46.232543 seconds.
  path: Assets/Scenes/EasyTrack/UniversalRenderPipelineAsset.asset
  artifactKey: Guid(0f30ea5d4869a9046aa397694ed32144) Importer(815301076,1909f56bfc062723c751e8b465ee728b)
Start importing Assets/Scenes/EasyTrack/UniversalRenderPipelineAsset.asset using Guid(0f30ea5d4869a9046aa397694ed32144) Importer(815301076,1909f56bfc062723c751e8b465ee728b)  -> (artifact id: 'f90c47e2e8ff5ceb59ad9d13ebe7ec9a') in 0.065482 seconds 
  Import took 0.072078 seconds .

========================================================================
Received Import Request.
  Time since last request: 0.000383 seconds.
  path: Assets/Scenes/EasyTrack/UniversalRenderPipelineAsset_Renderer.asset
  artifactKey: Guid(2eea6fa277d7fa649aad7b8d99bde058) Importer(815301076,1909f56bfc062723c751e8b465ee728b)
Start importing Assets/Scenes/EasyTrack/UniversalRenderPipelineAsset_Renderer.asset using Guid(2eea6fa277d7fa649aad7b8d99bde058) Importer(815301076,1909f56bfc062723c751e8b465ee728b)  -> (artifact id: '7eb44f24bcbba34bfaf829817316efac') in 0.052185 seconds 
  Import took 0.059423 seconds .

========================================================================
Received Prepare
Refreshing native plugins compatible for Editor in 5.55 ms, found 2 plugins.
Preloading 0 native plugins for Editor in 0.00 ms.
Unloading 117 Unused Serialized files (Serialized files now loaded: 0)
System memory in use before: 73.9 MB.
System memory in use after: 71.0 MB.

Unloading 48 unused Assets to reduce memory usage. Loaded Objects now: 3243.
Total: 6.056500 ms (FindLiveObjects: 0.249400 ms CreateObjectMapping: 0.122400 ms MarkObjects: 4.062100 ms  DeleteObjects: 1.621700 ms)

AssetImportParameters requested are different than current active one (requested -> active):
  custom:framework-win-MediaFoundation: 216162199b28c13a410421893ffa2e32 -> 
  custom:video-decoder-ogg-theora: a1e56fd34408186e4bbccfd4996cb3dc -> 
  custom:container-muxer-webm: aa71ff27fc2769a1b78a27578f13a17b -> 
  custom:container-demuxer-webm: 4f35f7cbe854078d1ac9338744f61a02 -> 
  custom:container-demuxer-ogg: 62fdf1f143b41e24485cea50d1cbac27 -> 
  custom:video-encoder-webm-vp8: eb34c28f22e8b96e1ab97ce403110664 -> 
  custom:video-decoder-webm-vp8: 9c59270c3fd7afecdb556c50c9e8de78 -> 
  custom:audio-decoder-ogg-vorbis: bf7c407c2cedff20999df2af8eb42d56 -> 
  custom:audio-encoder-webm-vorbis: bf7c407c2cedff20999df2af8eb42d56 -> 
========================================================================
Received Import Request.
  Time since last request: 133.920459 seconds.
  path: Assets/Scenes/EasyTrack/UniversalRenderPipelineAsset_Renderer.asset
  artifactKey: Guid(2eea6fa277d7fa649aad7b8d99bde058) Importer(815301076,1909f56bfc062723c751e8b465ee728b)
Start importing Assets/Scenes/EasyTrack/UniversalRenderPipelineAsset_Renderer.asset using Guid(2eea6fa277d7fa649aad7b8d99bde058) Importer(815301076,1909f56bfc062723c751e8b465ee728b)  -> (artifact id: '03db1fbdc625e25ef140a7b64fe6bea1') in 0.004956 seconds 
  Import took 0.010556 seconds .

========================================================================
Received Import Request.
  Time since last request: 0.000275 seconds.
  path: Assets/Scenes/EasyTrack/UniversalRenderPipelineAsset.asset
  artifactKey: Guid(0f30ea5d4869a9046aa397694ed32144) Importer(815301076,1909f56bfc062723c751e8b465ee728b)
Start importing Assets/Scenes/EasyTrack/UniversalRenderPipelineAsset.asset using Guid(0f30ea5d4869a9046aa397694ed32144) Importer(815301076,1909f56bfc062723c751e8b465ee728b)  -> (artifact id: 'aa8547cf357f0588344178ccd22f75a5') in 0.005249 seconds 
  Import took 0.010045 seconds .

========================================================================
Received Import Request.
  Time since last request: 0.000446 seconds.
  path: Assets/Scenes/EasyTrack/Global Volume Profile.asset
  artifactKey: Guid(061987fd22596644dabfb4d5ea971cac) Importer(815301076,1909f56bfc062723c751e8b465ee728b)
Start importing Assets/Scenes/EasyTrack/Global Volume Profile.asset using Guid(061987fd22596644dabfb4d5ea971cac) Importer(815301076,1909f56bfc062723c751e8b465ee728b)  -> (artifact id: '28b40b6c621d83c4edba929b4806341a') in 0.022121 seconds 
  Import took 0.030126 seconds .

========================================================================
Received Import Request.
  Time since last request: 14.239806 seconds.
  path: Assets/Scenes/EasyTrack/Global Volume Profile.asset
  artifactKey: Guid(061987fd22596644dabfb4d5ea971cac) Importer(815301076,1909f56bfc062723c751e8b465ee728b)
Start importing Assets/Scenes/EasyTrack/Global Volume Profile.asset using Guid(061987fd22596644dabfb4d5ea971cac) Importer(815301076,1909f56bfc062723c751e8b465ee728b)  -> (artifact id: 'd6edfa1eb91605b2027ac8c36f9d75ea') in 0.006812 seconds 
  Import took 0.016183 seconds .

========================================================================
Received Import Request.
  Time since last request: 9.063889 seconds.
  path: Assets/Scenes/EasyTrack/Global Volume Profile.asset
  artifactKey: Guid(061987fd22596644dabfb4d5ea971cac) Importer(815301076,1909f56bfc062723c751e8b465ee728b)
Start importing Assets/Scenes/EasyTrack/Global Volume Profile.asset using Guid(061987fd22596644dabfb4d5ea971cac) Importer(815301076,1909f56bfc062723c751e8b465ee728b)  -> (artifact id: '6787f23ef37d7a96a07af32bb2580fb9') in 0.006838 seconds 
  Import took 0.015223 seconds .

========================================================================
Received Import Request.
  Time since last request: 84.285674 seconds.
  path: Assets/Materials/Floor.mat
  artifactKey: Guid(36bc6fffcade3d24ba7afd92b072f657) Importer(815301076,1909f56bfc062723c751e8b465ee728b)
Start importing Assets/Materials/Floor.mat using Guid(36bc6fffcade3d24ba7afd92b072f657) Importer(815301076,1909f56bfc062723c751e8b465ee728b)  -> (artifact id: '38dfc7d8b2cd70e7ed5f52534f2706f6') in 0.219279 seconds 
  Import took 0.233429 seconds .

========================================================================
Received Import Request.
  Time since last request: 11.417519 seconds.
  path: Assets/Materials/Line Material.mat
  artifactKey: Guid(2a52745e73d6c454cb0717b614f323b1) Importer(815301076,1909f56bfc062723c751e8b465ee728b)
Start importing Assets/Materials/Line Material.mat using Guid(2a52745e73d6c454cb0717b614f323b1) Importer(815301076,1909f56bfc062723c751e8b465ee728b)  -> (artifact id: 'f31684516c843e549f6b8854469df427') in 0.029378 seconds 
  Import took 0.037144 seconds .

========================================================================
Received Import Request.
  Time since last request: 201.767057 seconds.
  path: Assets/Materials/Line Material.mat
  artifactKey: Guid(2a52745e73d6c454cb0717b614f323b1) Importer(815301076,1909f56bfc062723c751e8b465ee728b)
Start importing Assets/Materials/Line Material.mat using Guid(2a52745e73d6c454cb0717b614f323b1) Importer(815301076,1909f56bfc062723c751e8b465ee728b)  -> (artifact id: '6d7360d12000df185b422c491b8cab51') in 0.028890 seconds 
  Import took 0.035579 seconds .

AssetImportWorkerClient::OnTransportError - code=2 error=End of file
